Analysis & Synthesis report for reg_fp_adder
Thu Jun 11 05:24:52 2020
Quartus Prime Version 19.1.0 Build 670 09/22/2019 SJ Lite Edition


---------------------
; Table of Contents ;
---------------------
  1. Legal Notice
  2. Analysis & Synthesis Summary
  3. Analysis & Synthesis Settings
  4. Parallel Compilation
  5. Analysis & Synthesis Source Files Read
  6. Analysis & Synthesis Resource Usage Summary
  7. Analysis & Synthesis Resource Utilization by Entity
  8. Registers Removed During Synthesis
  9. General Register Statistics
 10. Multiplexer Restructuring Statistics (Restructuring Performed)
 11. Port Connectivity Checks: "shift_mant:dut_shift"
 12. Port Connectivity Checks: "out_flop:f32"
 13. Port Connectivity Checks: "in_flop:ff32"
 14. Post-Synthesis Netlist Statistics for Top Partition
 15. Elapsed Time Per Partition
 16. Analysis & Synthesis Messages



----------------
; Legal Notice ;
----------------
Copyright (C) 2019  Intel Corporation. All rights reserved.
Your use of Intel Corporation's design tools, logic functions 
and other software and tools, and any partner logic 
functions, and any output files from any of the foregoing 
(including device programming or simulation files), and any 
associated documentation or information are expressly subject 
to the terms and conditions of the Intel Program License 
Subscription Agreement, the Intel Quartus Prime License Agreement,
the Intel FPGA IP License Agreement, or other applicable license
agreement, including, without limitation, that your use is for
the sole purpose of programming logic devices manufactured by
Intel and sold by Intel or its authorized distributors.  Please
refer to the applicable agreement for further details, at
https://fpgasoftware.intel.com/eula.



+-------------------------------------------------------------------------------+
; Analysis & Synthesis Summary                                                  ;
+---------------------------------+---------------------------------------------+
; Analysis & Synthesis Status     ; Successful - Thu Jun 11 05:24:52 2020       ;
; Quartus Prime Version           ; 19.1.0 Build 670 09/22/2019 SJ Lite Edition ;
; Revision Name                   ; reg_fp_adder                                ;
; Top-level Entity Name           ; reg_fp_adder                                ;
; Family                          ; Cyclone V                                   ;
; Logic utilization (in ALMs)     ; N/A                                         ;
; Total registers                 ; 93                                          ;
; Total pins                      ; 98                                          ;
; Total virtual pins              ; 0                                           ;
; Total block memory bits         ; 0                                           ;
; Total DSP Blocks                ; 0                                           ;
; Total HSSI RX PCSs              ; 0                                           ;
; Total HSSI PMA RX Deserializers ; 0                                           ;
; Total HSSI TX PCSs              ; 0                                           ;
; Total HSSI PMA TX Serializers   ; 0                                           ;
; Total PLLs                      ; 0                                           ;
; Total DLLs                      ; 0                                           ;
+---------------------------------+---------------------------------------------+


+---------------------------------------------------------------------------------------------------------------------------+
; Analysis & Synthesis Settings                                                                                             ;
+---------------------------------------------------------------------------------+--------------------+--------------------+
; Option                                                                          ; Setting            ; Default Value      ;
+---------------------------------------------------------------------------------+--------------------+--------------------+
; Device                                                                          ; 5CSEMA5F31C6       ;                    ;
; Top-level entity name                                                           ; reg_fp_adder       ; reg_fp_adder       ;
; Family name                                                                     ; Cyclone V          ; Cyclone V          ;
; Use smart compilation                                                           ; Off                ; Off                ;
; Enable parallel Assembler and Timing Analyzer during compilation                ; On                 ; On                 ;
; Enable compact report table                                                     ; Off                ; Off                ;
; Restructure Multiplexers                                                        ; Auto               ; Auto               ;
; MLAB Add Timing Constraints For Mixed-Port Feed-Through Mode Setting Don't Care ; Off                ; Off                ;
; Create Debugging Nodes for IP Cores                                             ; Off                ; Off                ;
; Preserve fewer node names                                                       ; On                 ; On                 ;
; Intel FPGA IP Evaluation Mode                                                   ; Enable             ; Enable             ;
; Verilog Version                                                                 ; Verilog_2001       ; Verilog_2001       ;
; VHDL Version                                                                    ; VHDL_1993          ; VHDL_1993          ;
; State Machine Processing                                                        ; Auto               ; Auto               ;
; Safe State Machine                                                              ; Off                ; Off                ;
; Extract Verilog State Machines                                                  ; On                 ; On                 ;
; Extract VHDL State Machines                                                     ; On                 ; On                 ;
; Ignore Verilog initial constructs                                               ; Off                ; Off                ;
; Iteration limit for constant Verilog loops                                      ; 5000               ; 5000               ;
; Iteration limit for non-constant Verilog loops                                  ; 250                ; 250                ;
; Add Pass-Through Logic to Inferred RAMs                                         ; On                 ; On                 ;
; Infer RAMs from Raw Logic                                                       ; On                 ; On                 ;
; Parallel Synthesis                                                              ; On                 ; On                 ;
; DSP Block Balancing                                                             ; Auto               ; Auto               ;
; NOT Gate Push-Back                                                              ; On                 ; On                 ;
; Power-Up Don't Care                                                             ; On                 ; On                 ;
; Remove Redundant Logic Cells                                                    ; Off                ; Off                ;
; Remove Duplicate Registers                                                      ; On                 ; On                 ;
; Ignore CARRY Buffers                                                            ; Off                ; Off                ;
; Ignore CASCADE Buffers                                                          ; Off                ; Off                ;
; Ignore GLOBAL Buffers                                                           ; Off                ; Off                ;
; Ignore ROW GLOBAL Buffers                                                       ; Off                ; Off                ;
; Ignore LCELL Buffers                                                            ; Off                ; Off                ;
; Ignore SOFT Buffers                                                             ; On                 ; On                 ;
; Limit AHDL Integers to 32 Bits                                                  ; Off                ; Off                ;
; Optimization Technique                                                          ; Balanced           ; Balanced           ;
; Carry Chain Length                                                              ; 70                 ; 70                 ;
; Auto Carry Chains                                                               ; On                 ; On                 ;
; Auto Open-Drain Pins                                                            ; On                 ; On                 ;
; Perform WYSIWYG Primitive Resynthesis                                           ; Off                ; Off                ;
; Auto ROM Replacement                                                            ; On                 ; On                 ;
; Auto RAM Replacement                                                            ; On                 ; On                 ;
; Auto DSP Block Replacement                                                      ; On                 ; On                 ;
; Auto Shift Register Replacement                                                 ; Auto               ; Auto               ;
; Allow Shift Register Merging across Hierarchies                                 ; Auto               ; Auto               ;
; Auto Clock Enable Replacement                                                   ; On                 ; On                 ;
; Strict RAM Replacement                                                          ; Off                ; Off                ;
; Allow Synchronous Control Signals                                               ; On                 ; On                 ;
; Force Use of Synchronous Clear Signals                                          ; Off                ; Off                ;
; Auto Resource Sharing                                                           ; Off                ; Off                ;
; Allow Any RAM Size For Recognition                                              ; Off                ; Off                ;
; Allow Any ROM Size For Recognition                                              ; Off                ; Off                ;
; Allow Any Shift Register Size For Recognition                                   ; Off                ; Off                ;
; Use LogicLock Constraints during Resource Balancing                             ; On                 ; On                 ;
; Ignore translate_off and synthesis_off directives                               ; Off                ; Off                ;
; Timing-Driven Synthesis                                                         ; On                 ; On                 ;
; Report Parameter Settings                                                       ; On                 ; On                 ;
; Report Source Assignments                                                       ; On                 ; On                 ;
; Report Connectivity Checks                                                      ; On                 ; On                 ;
; Ignore Maximum Fan-Out Assignments                                              ; Off                ; Off                ;
; Synchronization Register Chain Length                                           ; 3                  ; 3                  ;
; Power Optimization During Synthesis                                             ; Normal compilation ; Normal compilation ;
; HDL message level                                                               ; Level2             ; Level2             ;
; Suppress Register Optimization Related Messages                                 ; Off                ; Off                ;
; Number of Removed Registers Reported in Synthesis Report                        ; 5000               ; 5000               ;
; Number of Swept Nodes Reported in Synthesis Report                              ; 5000               ; 5000               ;
; Number of Inverted Registers Reported in Synthesis Report                       ; 100                ; 100                ;
; Clock MUX Protection                                                            ; On                 ; On                 ;
; Auto Gated Clock Conversion                                                     ; Off                ; Off                ;
; Block Design Naming                                                             ; Auto               ; Auto               ;
; SDC constraint protection                                                       ; Off                ; Off                ;
; Synthesis Effort                                                                ; Auto               ; Auto               ;
; Shift Register Replacement - Allow Asynchronous Clear Signal                    ; On                 ; On                 ;
; Pre-Mapping Resynthesis Optimization                                            ; Off                ; Off                ;
; Analysis & Synthesis Message Level                                              ; Medium             ; Medium             ;
; Disable Register Merging Across Hierarchies                                     ; Auto               ; Auto               ;
; Resource Aware Inference For Block RAM                                          ; On                 ; On                 ;
; Automatic Parallel Synthesis                                                    ; On                 ; On                 ;
; Partial Reconfiguration Bitstream ID                                            ; Off                ; Off                ;
+---------------------------------------------------------------------------------+--------------------+--------------------+


+------------------------------------------+
; Parallel Compilation                     ;
+----------------------------+-------------+
; Processors                 ; Number      ;
+----------------------------+-------------+
; Number detected on machine ; 4           ;
; Maximum allowed            ; 2           ;
;                            ;             ;
; Average used               ; 1.00        ;
; Maximum used               ; 2           ;
;                            ;             ;
; Usage by Processor         ; % Time Used ;
;     Processor 1            ; 100.0%      ;
;     Processor 2            ;   0.0%      ;
+----------------------------+-------------+


+--------------------------------------------------------------------------------------------------------------------------------------------------------------------------------+
; Analysis & Synthesis Source Files Read                                                                                                                                         ;
+----------------------------------+-----------------+------------------------------+----------------------------------------------------------------------------------+---------+
; File Name with User-Entered Path ; Used in Netlist ; File Type                    ; File Name with Absolute Path                                                     ; Library ;
+----------------------------------+-----------------+------------------------------+----------------------------------------------------------------------------------+---------+
; reg_fp_adder.sv                  ; yes             ; User SystemVerilog HDL File  ; C:/Users/ansal/OneDrive/Desktop/Source code/Quartus/reg_fp_adder/reg_fp_adder.sv ;         ;
+----------------------------------+-----------------+------------------------------+----------------------------------------------------------------------------------+---------+


+---------------------------------------------------------+
; Analysis & Synthesis Resource Usage Summary             ;
+---------------------------------------------+-----------+
; Resource                                    ; Usage     ;
+---------------------------------------------+-----------+
; Estimate of Logic utilization (ALMs needed) ; 139       ;
;                                             ;           ;
; Combinational ALUT usage for logic          ; 201       ;
;     -- 7 input functions                    ; 2         ;
;     -- 6 input functions                    ; 68        ;
;     -- 5 input functions                    ; 46        ;
;     -- 4 input functions                    ; 18        ;
;     -- <=3 input functions                  ; 67        ;
;                                             ;           ;
; Dedicated logic registers                   ; 93        ;
;                                             ;           ;
; I/O pins                                    ; 98        ;
;                                             ;           ;
; Total DSP Blocks                            ; 0         ;
;                                             ;           ;
; Maximum fan-out node                        ; clk~input ;
; Maximum fan-out                             ; 93        ;
; Total fan-out                               ; 1416      ;
; Average fan-out                             ; 2.89      ;
+---------------------------------------------+-----------+


+--------------------------------------------------------------------------------------------------------------------------------------------------------------------------------------------------------+
; Analysis & Synthesis Resource Utilization by Entity                                                                                                                                                    ;
+----------------------------+---------------------+---------------------------+-------------------+------------+------+--------------+------------------------------------+--------------+--------------+
; Compilation Hierarchy Node ; Combinational ALUTs ; Dedicated Logic Registers ; Block Memory Bits ; DSP Blocks ; Pins ; Virtual Pins ; Full Hierarchy Name                ; Entity Name  ; Library Name ;
+----------------------------+---------------------+---------------------------+-------------------+------------+------+--------------+------------------------------------+--------------+--------------+
; |reg_fp_adder              ; 201 (0)             ; 93 (0)                    ; 0                 ; 0          ; 98   ; 0            ; |reg_fp_adder                      ; reg_fp_adder ; work         ;
;    |add_mant:dut_add|      ; 50 (50)             ; 0 (0)                     ; 0                 ; 0          ; 0    ; 0            ; |reg_fp_adder|add_mant:dut_add     ; add_mant     ; work         ;
;    |comp_exp:dut_exp|      ; 30 (30)             ; 0 (0)                     ; 0                 ; 0          ; 0    ; 0            ; |reg_fp_adder|comp_exp:dut_exp     ; comp_exp     ; work         ;
;    |in_flop:ff10|          ; 0 (0)               ; 2 (2)                     ; 0                 ; 0          ; 0    ; 0            ; |reg_fp_adder|in_flop:ff10         ; in_flop      ; work         ;
;    |in_flop:ff11|          ; 0 (0)               ; 2 (2)                     ; 0                 ; 0          ; 0    ; 0            ; |reg_fp_adder|in_flop:ff11         ; in_flop      ; work         ;
;    |in_flop:ff12|          ; 0 (0)               ; 2 (2)                     ; 0                 ; 0          ; 0    ; 0            ; |reg_fp_adder|in_flop:ff12         ; in_flop      ; work         ;
;    |in_flop:ff13|          ; 0 (0)               ; 2 (2)                     ; 0                 ; 0          ; 0    ; 0            ; |reg_fp_adder|in_flop:ff13         ; in_flop      ; work         ;
;    |in_flop:ff14|          ; 0 (0)               ; 2 (2)                     ; 0                 ; 0          ; 0    ; 0            ; |reg_fp_adder|in_flop:ff14         ; in_flop      ; work         ;
;    |in_flop:ff15|          ; 0 (0)               ; 2 (2)                     ; 0                 ; 0          ; 0    ; 0            ; |reg_fp_adder|in_flop:ff15         ; in_flop      ; work         ;
;    |in_flop:ff16|          ; 0 (0)               ; 2 (2)                     ; 0                 ; 0          ; 0    ; 0            ; |reg_fp_adder|in_flop:ff16         ; in_flop      ; work         ;
;    |in_flop:ff17|          ; 0 (0)               ; 2 (2)                     ; 0                 ; 0          ; 0    ; 0            ; |reg_fp_adder|in_flop:ff17         ; in_flop      ; work         ;
;    |in_flop:ff18|          ; 0 (0)               ; 2 (2)                     ; 0                 ; 0          ; 0    ; 0            ; |reg_fp_adder|in_flop:ff18         ; in_flop      ; work         ;
;    |in_flop:ff19|          ; 0 (0)               ; 2 (2)                     ; 0                 ; 0          ; 0    ; 0            ; |reg_fp_adder|in_flop:ff19         ; in_flop      ; work         ;
;    |in_flop:ff1|           ; 0 (0)               ; 2 (2)                     ; 0                 ; 0          ; 0    ; 0            ; |reg_fp_adder|in_flop:ff1          ; in_flop      ; work         ;
;    |in_flop:ff20|          ; 0 (0)               ; 2 (2)                     ; 0                 ; 0          ; 0    ; 0            ; |reg_fp_adder|in_flop:ff20         ; in_flop      ; work         ;
;    |in_flop:ff21|          ; 0 (0)               ; 2 (2)                     ; 0                 ; 0          ; 0    ; 0            ; |reg_fp_adder|in_flop:ff21         ; in_flop      ; work         ;
;    |in_flop:ff22|          ; 0 (0)               ; 2 (2)                     ; 0                 ; 0          ; 0    ; 0            ; |reg_fp_adder|in_flop:ff22         ; in_flop      ; work         ;
;    |in_flop:ff23|          ; 0 (0)               ; 2 (2)                     ; 0                 ; 0          ; 0    ; 0            ; |reg_fp_adder|in_flop:ff23         ; in_flop      ; work         ;
;    |in_flop:ff24|          ; 0 (0)               ; 2 (2)                     ; 0                 ; 0          ; 0    ; 0            ; |reg_fp_adder|in_flop:ff24         ; in_flop      ; work         ;
;    |in_flop:ff25|          ; 0 (0)               ; 2 (2)                     ; 0                 ; 0          ; 0    ; 0            ; |reg_fp_adder|in_flop:ff25         ; in_flop      ; work         ;
;    |in_flop:ff26|          ; 0 (0)               ; 2 (2)                     ; 0                 ; 0          ; 0    ; 0            ; |reg_fp_adder|in_flop:ff26         ; in_flop      ; work         ;
;    |in_flop:ff27|          ; 0 (0)               ; 2 (2)                     ; 0                 ; 0          ; 0    ; 0            ; |reg_fp_adder|in_flop:ff27         ; in_flop      ; work         ;
;    |in_flop:ff28|          ; 0 (0)               ; 2 (2)                     ; 0                 ; 0          ; 0    ; 0            ; |reg_fp_adder|in_flop:ff28         ; in_flop      ; work         ;
;    |in_flop:ff29|          ; 0 (0)               ; 2 (2)                     ; 0                 ; 0          ; 0    ; 0            ; |reg_fp_adder|in_flop:ff29         ; in_flop      ; work         ;
;    |in_flop:ff2|           ; 0 (0)               ; 2 (2)                     ; 0                 ; 0          ; 0    ; 0            ; |reg_fp_adder|in_flop:ff2          ; in_flop      ; work         ;
;    |in_flop:ff30|          ; 0 (0)               ; 2 (2)                     ; 0                 ; 0          ; 0    ; 0            ; |reg_fp_adder|in_flop:ff30         ; in_flop      ; work         ;
;    |in_flop:ff31|          ; 0 (0)               ; 2 (2)                     ; 0                 ; 0          ; 0    ; 0            ; |reg_fp_adder|in_flop:ff31         ; in_flop      ; work         ;
;    |in_flop:ff3|           ; 0 (0)               ; 2 (2)                     ; 0                 ; 0          ; 0    ; 0            ; |reg_fp_adder|in_flop:ff3          ; in_flop      ; work         ;
;    |in_flop:ff4|           ; 0 (0)               ; 2 (2)                     ; 0                 ; 0          ; 0    ; 0            ; |reg_fp_adder|in_flop:ff4          ; in_flop      ; work         ;
;    |in_flop:ff5|           ; 0 (0)               ; 2 (2)                     ; 0                 ; 0          ; 0    ; 0            ; |reg_fp_adder|in_flop:ff5          ; in_flop      ; work         ;
;    |in_flop:ff6|           ; 0 (0)               ; 2 (2)                     ; 0                 ; 0          ; 0    ; 0            ; |reg_fp_adder|in_flop:ff6          ; in_flop      ; work         ;
;    |in_flop:ff7|           ; 0 (0)               ; 2 (2)                     ; 0                 ; 0          ; 0    ; 0            ; |reg_fp_adder|in_flop:ff7          ; in_flop      ; work         ;
;    |in_flop:ff8|           ; 0 (0)               ; 2 (2)                     ; 0                 ; 0          ; 0    ; 0            ; |reg_fp_adder|in_flop:ff8          ; in_flop      ; work         ;
;    |in_flop:ff9|           ; 0 (0)               ; 2 (2)                     ; 0                 ; 0          ; 0    ; 0            ; |reg_fp_adder|in_flop:ff9          ; in_flop      ; work         ;
;    |out_flop:f10|          ; 0 (0)               ; 1 (1)                     ; 0                 ; 0          ; 0    ; 0            ; |reg_fp_adder|out_flop:f10         ; out_flop     ; work         ;
;    |out_flop:f11|          ; 0 (0)               ; 1 (1)                     ; 0                 ; 0          ; 0    ; 0            ; |reg_fp_adder|out_flop:f11         ; out_flop     ; work         ;
;    |out_flop:f12|          ; 0 (0)               ; 1 (1)                     ; 0                 ; 0          ; 0    ; 0            ; |reg_fp_adder|out_flop:f12         ; out_flop     ; work         ;
;    |out_flop:f13|          ; 0 (0)               ; 1 (1)                     ; 0                 ; 0          ; 0    ; 0            ; |reg_fp_adder|out_flop:f13         ; out_flop     ; work         ;
;    |out_flop:f14|          ; 0 (0)               ; 1 (1)                     ; 0                 ; 0          ; 0    ; 0            ; |reg_fp_adder|out_flop:f14         ; out_flop     ; work         ;
;    |out_flop:f15|          ; 0 (0)               ; 1 (1)                     ; 0                 ; 0          ; 0    ; 0            ; |reg_fp_adder|out_flop:f15         ; out_flop     ; work         ;
;    |out_flop:f16|          ; 0 (0)               ; 1 (1)                     ; 0                 ; 0          ; 0    ; 0            ; |reg_fp_adder|out_flop:f16         ; out_flop     ; work         ;
;    |out_flop:f17|          ; 0 (0)               ; 1 (1)                     ; 0                 ; 0          ; 0    ; 0            ; |reg_fp_adder|out_flop:f17         ; out_flop     ; work         ;
;    |out_flop:f18|          ; 0 (0)               ; 1 (1)                     ; 0                 ; 0          ; 0    ; 0            ; |reg_fp_adder|out_flop:f18         ; out_flop     ; work         ;
;    |out_flop:f19|          ; 0 (0)               ; 1 (1)                     ; 0                 ; 0          ; 0    ; 0            ; |reg_fp_adder|out_flop:f19         ; out_flop     ; work         ;
;    |out_flop:f1|           ; 0 (0)               ; 1 (1)                     ; 0                 ; 0          ; 0    ; 0            ; |reg_fp_adder|out_flop:f1          ; out_flop     ; work         ;
;    |out_flop:f20|          ; 0 (0)               ; 1 (1)                     ; 0                 ; 0          ; 0    ; 0            ; |reg_fp_adder|out_flop:f20         ; out_flop     ; work         ;
;    |out_flop:f21|          ; 0 (0)               ; 1 (1)                     ; 0                 ; 0          ; 0    ; 0            ; |reg_fp_adder|out_flop:f21         ; out_flop     ; work         ;
;    |out_flop:f22|          ; 0 (0)               ; 1 (1)                     ; 0                 ; 0          ; 0    ; 0            ; |reg_fp_adder|out_flop:f22         ; out_flop     ; work         ;
;    |out_flop:f23|          ; 0 (0)               ; 1 (1)                     ; 0                 ; 0          ; 0    ; 0            ; |reg_fp_adder|out_flop:f23         ; out_flop     ; work         ;
;    |out_flop:f24|          ; 0 (0)               ; 1 (1)                     ; 0                 ; 0          ; 0    ; 0            ; |reg_fp_adder|out_flop:f24         ; out_flop     ; work         ;
;    |out_flop:f25|          ; 0 (0)               ; 1 (1)                     ; 0                 ; 0          ; 0    ; 0            ; |reg_fp_adder|out_flop:f25         ; out_flop     ; work         ;
;    |out_flop:f26|          ; 0 (0)               ; 1 (1)                     ; 0                 ; 0          ; 0    ; 0            ; |reg_fp_adder|out_flop:f26         ; out_flop     ; work         ;
;    |out_flop:f27|          ; 0 (0)               ; 1 (1)                     ; 0                 ; 0          ; 0    ; 0            ; |reg_fp_adder|out_flop:f27         ; out_flop     ; work         ;
;    |out_flop:f28|          ; 0 (0)               ; 1 (1)                     ; 0                 ; 0          ; 0    ; 0            ; |reg_fp_adder|out_flop:f28         ; out_flop     ; work         ;
;    |out_flop:f29|          ; 0 (0)               ; 1 (1)                     ; 0                 ; 0          ; 0    ; 0            ; |reg_fp_adder|out_flop:f29         ; out_flop     ; work         ;
;    |out_flop:f2|           ; 0 (0)               ; 1 (1)                     ; 0                 ; 0          ; 0    ; 0            ; |reg_fp_adder|out_flop:f2          ; out_flop     ; work         ;
;    |out_flop:f30|          ; 0 (0)               ; 1 (1)                     ; 0                 ; 0          ; 0    ; 0            ; |reg_fp_adder|out_flop:f30         ; out_flop     ; work         ;
;    |out_flop:f31|          ; 0 (0)               ; 1 (1)                     ; 0                 ; 0          ; 0    ; 0            ; |reg_fp_adder|out_flop:f31         ; out_flop     ; work         ;
;    |out_flop:f3|           ; 0 (0)               ; 1 (1)                     ; 0                 ; 0          ; 0    ; 0            ; |reg_fp_adder|out_flop:f3          ; out_flop     ; work         ;
;    |out_flop:f4|           ; 0 (0)               ; 1 (1)                     ; 0                 ; 0          ; 0    ; 0            ; |reg_fp_adder|out_flop:f4          ; out_flop     ; work         ;
;    |out_flop:f5|           ; 0 (0)               ; 1 (1)                     ; 0                 ; 0          ; 0    ; 0            ; |reg_fp_adder|out_flop:f5          ; out_flop     ; work         ;
;    |out_flop:f6|           ; 0 (0)               ; 1 (1)                     ; 0                 ; 0          ; 0    ; 0            ; |reg_fp_adder|out_flop:f6          ; out_flop     ; work         ;
;    |out_flop:f7|           ; 0 (0)               ; 1 (1)                     ; 0                 ; 0          ; 0    ; 0            ; |reg_fp_adder|out_flop:f7          ; out_flop     ; work         ;
;    |out_flop:f8|           ; 0 (0)               ; 1 (1)                     ; 0                 ; 0          ; 0    ; 0            ; |reg_fp_adder|out_flop:f8          ; out_flop     ; work         ;
;    |out_flop:f9|           ; 0 (0)               ; 1 (1)                     ; 0                 ; 0          ; 0    ; 0            ; |reg_fp_adder|out_flop:f9          ; out_flop     ; work         ;
;    |shift_mant:dut_shift|  ; 121 (121)           ; 0 (0)                     ; 0                 ; 0          ; 0    ; 0            ; |reg_fp_adder|shift_mant:dut_shift ; shift_mant   ; work         ;
+----------------------------+---------------------+---------------------------+-------------------+------------+------+--------------+------------------------------------+--------------+--------------+
Note: For table entries with two numbers listed, the numbers in parentheses indicate the number of resources of the given type used by the specific entity alone. The numbers listed outside of parentheses indicate the total resources of the given type used by the specific entity and all of its sub-entities in the hierarchy.


+--------------------------------------------------------------------------------+
; Registers Removed During Synthesis                                             ;
+---------------------------------------+----------------------------------------+
; Register name                         ; Reason for Removal                     ;
+---------------------------------------+----------------------------------------+
; out_flop:f32|sum                      ; Stuck at GND due to stuck port data_in ;
; Total Number of Removed Registers = 1 ;                                        ;
+---------------------------------------+----------------------------------------+


+------------------------------------------------------+
; General Register Statistics                          ;
+----------------------------------------------+-------+
; Statistic                                    ; Value ;
+----------------------------------------------+-------+
; Total registers                              ; 93    ;
; Number of registers using Synchronous Clear  ; 0     ;
; Number of registers using Synchronous Load   ; 31    ;
; Number of registers using Asynchronous Clear ; 93    ;
; Number of registers using Asynchronous Load  ; 0     ;
; Number of registers using Clock Enable       ; 0     ;
; Number of registers using Preset             ; 0     ;
+----------------------------------------------+-------+


+--------------------------------------------------------------------------------------------------------------------------------------------------------------+
; Multiplexer Restructuring Statistics (Restructuring Performed)                                                                                               ;
+--------------------+-----------+---------------+----------------------+------------------------+------------+------------------------------------------------+
; Multiplexer Inputs ; Bus Width ; Baseline Area ; Area if Restructured ; Saving if Restructured ; Registered ; Example Multiplexer Output                     ;
+--------------------+-----------+---------------+----------------------+------------------------+------------+------------------------------------------------+
; 3:1                ; 2 bits    ; 4 LEs         ; 4 LEs                ; 0 LEs                  ; No         ; |reg_fp_adder|shift_mant:dut_shift|ShiftRight0 ;
; 4:1                ; 2 bits    ; 4 LEs         ; 4 LEs                ; 0 LEs                  ; No         ; |reg_fp_adder|shift_mant:dut_shift|ShiftRight0 ;
; 4:1                ; 2 bits    ; 4 LEs         ; 4 LEs                ; 0 LEs                  ; No         ; |reg_fp_adder|shift_mant:dut_shift|ShiftRight0 ;
; 4:1                ; 32 bits   ; 64 LEs        ; 64 LEs               ; 0 LEs                  ; No         ; |reg_fp_adder|shift_mant:dut_shift|ShiftRight0 ;
; 4:1                ; 8 bits    ; 16 LEs        ; 16 LEs               ; 0 LEs                  ; No         ; |reg_fp_adder|shift_mant:dut_shift|ShiftRight0 ;
; 7:1                ; 7 bits    ; 28 LEs        ; 28 LEs               ; 0 LEs                  ; No         ; |reg_fp_adder|shift_mant:dut_shift|sh_mant[22] ;
; 13:1               ; 3 bits    ; 24 LEs        ; 24 LEs               ; 0 LEs                  ; No         ; |reg_fp_adder|shift_mant:dut_shift|sh_mant[12] ;
; 13:1               ; 3 bits    ; 24 LEs        ; 24 LEs               ; 0 LEs                  ; No         ; |reg_fp_adder|shift_mant:dut_shift|sh_mant[9]  ;
; 13:1               ; 3 bits    ; 24 LEs        ; 24 LEs               ; 0 LEs                  ; No         ; |reg_fp_adder|shift_mant:dut_shift|sh_mant[4]  ;
; 19:1               ; 4 bits    ; 48 LEs        ; 48 LEs               ; 0 LEs                  ; No         ; |reg_fp_adder|shift_mant:dut_shift|sh_mant[1]  ;
+--------------------+-----------+---------------+----------------------+------------------------+------------+------------------------------------------------+


+--------------------------------------------------+
; Port Connectivity Checks: "shift_mant:dut_shift" ;
+------------+-------+----------+------------------+
; Port       ; Type  ; Severity ; Details          ;
+------------+-------+----------+------------------+
; mant_a[23] ; Input ; Info     ; Stuck at VCC     ;
; mant_b[23] ; Input ; Info     ; Stuck at VCC     ;
+------------+-------+----------+------------------+


+-------------------------------------------+
; Port Connectivity Checks: "out_flop:f32"  ;
+---------+-------+----------+--------------+
; Port    ; Type  ; Severity ; Details      ;
+---------+-------+----------+--------------+
; reg_sum ; Input ; Info     ; Stuck at GND ;
+---------+-------+----------+--------------+


+-----------------------------------------------------------------------------------------------------------------+
; Port Connectivity Checks: "in_flop:ff32"                                                                        ;
+-------+--------+----------+-------------------------------------------------------------------------------------+
; Port  ; Type   ; Severity ; Details                                                                             ;
+-------+--------+----------+-------------------------------------------------------------------------------------+
; reg_a ; Output ; Info     ; Connected to dangling logic. Logic that only feeds a dangling port will be removed. ;
; reg_b ; Output ; Info     ; Connected to dangling logic. Logic that only feeds a dangling port will be removed. ;
+-------+--------+----------+-------------------------------------------------------------------------------------+


+-----------------------------------------------------+
; Post-Synthesis Netlist Statistics for Top Partition ;
+-----------------------+-----------------------------+
; Type                  ; Count                       ;
+-----------------------+-----------------------------+
; arriav_ff             ; 93                          ;
;     CLR               ; 62                          ;
;     CLR SLD           ; 31                          ;
; arriav_lcell_comb     ; 202                         ;
;     arith             ; 33                          ;
;         0 data inputs ; 1                           ;
;         3 data inputs ; 8                           ;
;         4 data inputs ; 7                           ;
;         5 data inputs ; 17                          ;
;     extend            ; 2                           ;
;         7 data inputs ; 2                           ;
;     normal            ; 151                         ;
;         0 data inputs ; 1                           ;
;         2 data inputs ; 5                           ;
;         3 data inputs ; 37                          ;
;         4 data inputs ; 11                          ;
;         5 data inputs ; 29                          ;
;         6 data inputs ; 68                          ;
;     shared            ; 16                          ;
;         2 data inputs ; 16                          ;
; boundary_port         ; 98                          ;
;                       ;                             ;
; Max LUT depth         ; 9.40                        ;
; Average LUT depth     ; 5.79                        ;
+-----------------------+-----------------------------+


+-------------------------------+
; Elapsed Time Per Partition    ;
+----------------+--------------+
; Partition Name ; Elapsed Time ;
+----------------+--------------+
; Top            ; 00:00:01     ;
+----------------+--------------+


+-------------------------------+
; Analysis & Synthesis Messages ;
+-------------------------------+
Info: *******************************************************************
Info: Running Quartus Prime Analysis & Synthesis
    Info: Version 19.1.0 Build 670 09/22/2019 SJ Lite Edition
    Info: Processing started: Thu Jun 11 05:24:35 2020
Info: Command: quartus_map --read_settings_files=on --write_settings_files=off reg_fp_adder -c reg_fp_adder
Warning (18236): Number of processors has not been specified which may cause overloading on shared machines.  Set the global assignment NUM_PARALLEL_PROCESSORS in your QSF to an appropriate value for best performance.
Info (20030): Parallel compilation is enabled and will use 2 of the 2 processors detected
Info (12021): Found 6 design units, including 6 entities, in source file reg_fp_adder.sv
    Info (12023): Found entity 1: reg_fp_adder File: C:/Users/ansal/OneDrive/Desktop/Source code/Quartus/reg_fp_adder/reg_fp_adder.sv Line: 1
    Info (12023): Found entity 2: in_flop File: C:/Users/ansal/OneDrive/Desktop/Source code/Quartus/reg_fp_adder/reg_fp_adder.sv Line: 93
    Info (12023): Found entity 3: out_flop File: C:/Users/ansal/OneDrive/Desktop/Source code/Quartus/reg_fp_adder/reg_fp_adder.sv Line: 107
    Info (12023): Found entity 4: comp_exp File: C:/Users/ansal/OneDrive/Desktop/Source code/Quartus/reg_fp_adder/reg_fp_adder.sv Line: 120
    Info (12023): Found entity 5: shift_mant File: C:/Users/ansal/OneDrive/Desktop/Source code/Quartus/reg_fp_adder/reg_fp_adder.sv Line: 144
    Info (12023): Found entity 6: add_mant File: C:/Users/ansal/OneDrive/Desktop/Source code/Quartus/reg_fp_adder/reg_fp_adder.sv Line: 164
Info (12021): Found 1 design units, including 1 entities, in source file tb_reg_fp_adder.sv
    Info (12023): Found entity 1: tb_reg_fp_adder File: C:/Users/ansal/OneDrive/Desktop/Source code/Quartus/reg_fp_adder/tb_reg_fp_adder.sv Line: 1
Info (12127): Elaborating entity "reg_fp_adder" for the top level hierarchy
Info (12128): Elaborating entity "in_flop" for hierarchy "in_flop:ff1" File: C:/Users/ansal/OneDrive/Desktop/Source code/Quartus/reg_fp_adder/reg_fp_adder.sv Line: 15
Info (12128): Elaborating entity "out_flop" for hierarchy "out_flop:f1" File: C:/Users/ansal/OneDrive/Desktop/Source code/Quartus/reg_fp_adder/reg_fp_adder.sv Line: 49
Info (12128): Elaborating entity "comp_exp" for hierarchy "comp_exp:dut_exp" File: C:/Users/ansal/OneDrive/Desktop/Source code/Quartus/reg_fp_adder/reg_fp_adder.sv Line: 88
Info (12128): Elaborating entity "shift_mant" for hierarchy "shift_mant:dut_shift" File: C:/Users/ansal/OneDrive/Desktop/Source code/Quartus/reg_fp_adder/reg_fp_adder.sv Line: 89
Info (12128): Elaborating entity "add_mant" for hierarchy "add_mant:dut_add" File: C:/Users/ansal/OneDrive/Desktop/Source code/Quartus/reg_fp_adder/reg_fp_adder.sv Line: 90
Warning (10230): Verilog HDL assignment warning at reg_fp_adder.sv(179): truncated value with size 32 to match size of target (8) File: C:/Users/ansal/OneDrive/Desktop/Source code/Quartus/reg_fp_adder/reg_fp_adder.sv Line: 179
Warning (13024): Output pins are stuck at VCC or GND
    Warning (13410): Pin "sum[31]" is stuck at GND File: C:/Users/ansal/OneDrive/Desktop/Source code/Quartus/reg_fp_adder/reg_fp_adder.sv Line: 5
Info (286030): Timing-Driven Synthesis is running
Info (16010): Generating hard_block partition "hard_block:auto_generated_inst"
    Info (16011): Adding 0 node(s), including 0 DDIO, 0 PLL, 0 transceiver and 0 LCELL
Warning (21074): Design contains 2 input pin(s) that do not drive logic
    Warning (15610): No output dependent on input pin "a[31]" File: C:/Users/ansal/OneDrive/Desktop/Source code/Quartus/reg_fp_adder/reg_fp_adder.sv Line: 3
    Warning (15610): No output dependent on input pin "b[31]" File: C:/Users/ansal/OneDrive/Desktop/Source code/Quartus/reg_fp_adder/reg_fp_adder.sv Line: 3
Info (21057): Implemented 383 device resources after synthesis - the final resource count might be different
    Info (21058): Implemented 66 input pins
    Info (21059): Implemented 32 output pins
    Info (21061): Implemented 285 logic cells
Info: Quartus Prime Analysis & Synthesis was successful. 0 errors, 7 warnings
    Info: Peak virtual memory: 4811 megabytes
    Info: Processing ended: Thu Jun 11 05:24:52 2020
    Info: Elapsed time: 00:00:17
    Info: Total CPU time (on all processors): 00:00:33


